{"level":"info","message":"Server running on port 3001 in development mode","timestamp":"2024-11-04 15:15:55"}
{"level":"info","message":"MongoDB connected successfully","timestamp":"2024-11-04 15:15:56"}
{"level":"info","message":"::1 - - [04/Nov/2024:09:46:12 +0000] \"POST /upload%0A HTTP/1.1\" 404 149 \"-\" \"PostmanRuntime/7.42.0\"","timestamp":"2024-11-04 15:16:12"}
{"level":"info","message":"::1 - - [04/Nov/2024:09:46:13 +0000] \"POST /upload%0A HTTP/1.1\" 404 149 \"-\" \"PostmanRuntime/7.42.0\"","timestamp":"2024-11-04 15:16:13"}
{"level":"info","message":"::1 - - [04/Nov/2024:09:46:13 +0000] \"POST /upload%0A HTTP/1.1\" 404 149 \"-\" \"PostmanRuntime/7.42.0\"","timestamp":"2024-11-04 15:16:13"}
{"level":"info","message":"::1 - - [04/Nov/2024:09:46:13 +0000] \"POST /upload%0A HTTP/1.1\" 404 149 \"-\" \"PostmanRuntime/7.42.0\"","timestamp":"2024-11-04 15:16:13"}
{"level":"info","message":"::1 - - [04/Nov/2024:09:46:14 +0000] \"POST /upload%0A HTTP/1.1\" 404 149 \"-\" \"PostmanRuntime/7.42.0\"","timestamp":"2024-11-04 15:16:14"}
{"level":"info","message":"::1 - - [04/Nov/2024:09:46:58 +0000] \"POST /api/process-image%0A HTTP/1.1\" 404 160 \"-\" \"PostmanRuntime/7.42.0\"","timestamp":"2024-11-04 15:16:58"}
{"level":"error","message":"Port 3001 is already in use","timestamp":"2024-11-04 15:20:32"}
{"level":"info","message":"Attempting to use port 30011","timestamp":"2024-11-04 15:20:32"}
{"level":"info","message":"Server running on port 3001 in development mode","timestamp":"2024-11-04 15:20:32"}
{"level":"info","message":"MongoDB connected successfully","timestamp":"2024-11-04 15:20:35"}
{"level":"info","message":"Server running on port 3001 in development mode","timestamp":"2024-11-04 15:21:11"}
{"level":"info","message":"MongoDB connected successfully","timestamp":"2024-11-04 15:21:14"}
{"level":"info","message":"::1 - - [04/Nov/2024:09:51:59 +0000] \"GET /test HTTP/1.1\" 200 32 \"-\" \"PostmanRuntime/7.42.0\"","timestamp":"2024-11-04 15:21:59"}
{"level":"info","message":"Processing image: image-1730713946630-132627412.jpeg","timestamp":"2024-11-04 15:22:26"}
{"level":"info","message":"::1 - - [04/Nov/2024:09:52:28 +0000] \"POST /api/process-image HTTP/1.1\" 200 53 \"-\" \"PostmanRuntime/7.42.0\"","timestamp":"2024-11-04 15:22:28"}
{"level":"info","message":"Processing image: image-1730714056799-666018113.jpg","timestamp":"2024-11-04 15:24:16"}
{"level":"info","message":"::1 - - [04/Nov/2024:09:54:18 +0000] \"POST /api/process-image HTTP/1.1\" 200 84 \"-\" \"PostmanRuntime/7.42.0\"","timestamp":"2024-11-04 15:24:18"}
{"level":"info","message":"Server running on port 3001 in development mode","timestamp":"2024-11-04 15:28:52"}
{"level":"info","message":"MongoDB connected successfully","timestamp":"2024-11-04 15:28:53"}
{"level":"info","message":"Processing image: image-1730714346727-482320477.jpg","timestamp":"2024-11-04 15:29:06"}
{"level":"info","message":"OCR Processing completed. Text length: 52, Average confidence: 0","timestamp":"2024-11-04 15:29:07"}
{"level":"info","message":"::1 - - [04/Nov/2024:09:59:08 +0000] \"POST /api/process-image HTTP/1.1\" 200 173 \"-\" \"PostmanRuntime/7.42.0\"","timestamp":"2024-11-04 15:29:08"}
{"level":"info","message":"Processing image: image-1730715052750-15254092.jpg","timestamp":"2024-11-04 15:40:52"}
{"level":"info","message":"OCR Processing completed. Text length: 52, Average confidence: 0","timestamp":"2024-11-04 15:40:53"}
{"level":"info","message":"::1 - - [04/Nov/2024:10:10:54 +0000] \"POST /api/process-image HTTP/1.1\" 200 173 \"-\" \"PostmanRuntime/7.42.0\"","timestamp":"2024-11-04 15:40:54"}
{"level":"info","message":"Server running on port 3001 in development mode","timestamp":"2024-11-05 16:04:57"}
{"level":"info","message":"MongoDB connected successfully","timestamp":"2024-11-05 16:05:01"}
{"level":"info","message":"Processing image: image-1730803147312-42720565.jpeg","timestamp":"2024-11-05 16:09:07"}
{"level":"info","message":"OCR Processing completed. Text length: 24, Average confidence: 0","timestamp":"2024-11-05 16:09:08"}
{"level":"info","message":"::1 - - [05/Nov/2024:10:39:08 +0000] \"POST /api/process-image HTTP/1.1\" 200 142 \"http://localhost:3000/\" \"Mozilla/5.0 (Macintosh; Intel Mac OS X 10_15_7) AppleWebKit/605.1.15 (KHTML, like Gecko) Version/18.0 Safari/605.1.15\"","timestamp":"2024-11-05 16:09:08"}
{"level":"info","message":"Processing image: image-1730803158511-518390045.jpg","timestamp":"2024-11-05 16:09:18"}
{"level":"info","message":"OCR Processing completed. Text length: 52, Average confidence: 0","timestamp":"2024-11-05 16:09:19"}
{"level":"info","message":"::1 - - [05/Nov/2024:10:39:19 +0000] \"POST /api/process-image HTTP/1.1\" 200 173 \"http://localhost:3000/\" \"Mozilla/5.0 (Macintosh; Intel Mac OS X 10_15_7) AppleWebKit/605.1.15 (KHTML, like Gecko) Version/18.0 Safari/605.1.15\"","timestamp":"2024-11-05 16:09:19"}
{"level":"info","message":"Processing image: image-1730827104869-606462484.jpg","timestamp":"2024-11-05 22:48:24"}
{"level":"info","message":"Server running on port 3001 in development mode","timestamp":"2024-11-05 22:48:53"}
{"level":"info","message":"MongoDB connected successfully","timestamp":"2024-11-05 22:48:54"}
{"level":"info","message":"Processing image: image-1730827149759-239639384.jpg","timestamp":"2024-11-05 22:49:09"}
{"level":"info","message":"Server running on port 3001 in development mode","timestamp":"2024-11-05 23:10:29"}
{"level":"info","message":"MongoDB connected successfully","timestamp":"2024-11-05 23:10:30"}
{"level":"info","message":"Processing image: image-1730828457859-498081759.jpg","timestamp":"2024-11-05 23:10:57"}
{"level":"info","message":"OCR Processing completed. Text length: 52, Average confidence: 0","timestamp":"2024-11-05 23:10:59"}
{"level":"info","message":"::1 - - [05/Nov/2024:17:40:59 +0000] \"POST /api/process-image HTTP/1.1\" 200 173 \"http://localhost:3000/\" \"Mozilla/5.0 (Macintosh; Intel Mac OS X 10_15_7) AppleWebKit/537.36 (KHTML, like Gecko) Chrome/130.0.0.0 Safari/537.36\"","timestamp":"2024-11-05 23:10:59"}
{"level":"info","message":"Processing image: image-1730828597518-201008087.jpg","timestamp":"2024-11-05 23:13:17"}
{"level":"info","message":"OCR Processing completed. Text length: 52, Average confidence: 0","timestamp":"2024-11-05 23:13:18"}
{"level":"info","message":"::1 - - [05/Nov/2024:17:43:18 +0000] \"POST /api/process-image HTTP/1.1\" 200 173 \"http://localhost:3000/\" \"Mozilla/5.0 (Macintosh; Intel Mac OS X 10_15_7) AppleWebKit/537.36 (KHTML, like Gecko) Chrome/130.0.0.0 Safari/537.36\"","timestamp":"2024-11-05 23:13:18"}
